<?xml version="1.0" encoding="UTF-8"?>
<!-- Generated by org.testng.reporters.JUnitXMLReporter -->
<testsuite ignored="0" hostname="DESKTOP-NCHRHGP" failures="0" tests="5" name="Default test" time="98.336" errors="0" timestamp="2021-08-11T20:11:03 IST">
  <testcase classname="Package_TestScripts.TestDataProvider" name="RegistrationDataCheck" time="11.103"/>
  <testcase classname="Package_TestScripts.TestDataProvider" name="RegistrationDataCheck" time="11.031"/>
  <testcase classname="Package_TestScripts.TestDataProvider" name="RegistrationDataCheck" time="11.077"/>
  <testcase classname="Package_TestScripts.TestDataProvider" name="RegistrationDataCheck" time="11.493"/>
  <testcase classname="Package_TestScripts.TestDataProvider" name="RegistrationDataCheck" time="11.163"/>
</testsuite> <!-- Default test -->
